<?xml version="1.0" encoding="UTF-8"?>
<!-- Generated by org.testng.reporters.JUnitXMLReporter -->
<testsuite hostname="LAPTOP-C8Q2NROR" ignored="0" name="Surefire test" tests="6" failures="0" timestamp="2021-01-06T15:39:35 IST" time="0.047" errors="0">
  <testcase name="template" time="0.0" classname="Selenium.Maven_Java.Demo1Test"/>
  <testcase name="template1" time="0.0" classname="Selenium.Maven_Java.Demo1Test"/>
  <testcase name="update" time="0.0" classname="Selenium.Maven_Java.Demo2Test"/>
  <testcase name="update1" time="0.0" classname="Selenium.Maven_Java.Demo2Test"/>
  <testcase name="analyse1" time="0.0" classname="Selenium.Maven_Java.DemoTest"/>
  <testcase name="analyseTest" time="0.0" classname="Selenium.Maven_Java.DemoTest"/>
</testsuite> <!-- Surefire test -->
