<?xml version="1.0" encoding="UTF-8"?>
<!-- Generated by org.testng.reporters.JUnitXMLReporter -->
<testsuite hostname="LAPTOP-C8Q2NROR" ignored="0" name="Default test" tests="6" failures="0" timestamp="2021-01-06T10:57:28 IST" time="0.068" errors="0">
  <testcase name="afterClass" time="0.01" classname="run.Login1"/>
  <testcase name="loginAPIHomeLoan" time="0.002" classname="run.Login1"/>
  <testcase name="mobileLoginHomeLoan" time="0.001" classname="run.Login1"/>
  <testcase name="mobileSignoutHomeLoan" time="0.001" classname="run.Login1"/>
  <testcase name="prereq" time="0.001" classname="run.Login1"/>
  <testcase name="webLoginHomeLoan" time="0.001" classname="run.Login1"/>
</testsuite> <!-- Default test -->
