<?xml version="1.0" encoding="UTF-8"?>
<testng-results skipped="0" failed="0" ignored="0" total="1" passed="1">
  <reporter-output>
  </reporter-output>
  <suite name="Surefire suite" duration-ms="32" started-at="2021-01-06T15:39:35 IST" finished-at="2021-01-06T15:39:35 IST">
    <groups>
    </groups>
    <test name="Surefire test" duration-ms="32" started-at="2021-01-06T15:39:35 IST" finished-at="2021-01-06T15:39:35 IST">
      <class name="Selenium.Maven_Java.AppTest">
        <test-method status="PASS" signature="testApp()" name="testApp" duration-ms="16" started-at="2021-01-06T15:39:35 IST" finished-at="2021-01-06T15:39:35 IST">
          <reporter-output>
          </reporter-output>
        </test-method> <!-- testApp -->
      </class> <!-- Selenium.Maven_Java.AppTest -->
    </test> <!-- Surefire test -->
  </suite> <!-- Surefire suite -->
</testng-results>
