<?xml version="1.0" encoding="UTF-8"?>
<testng-results skipped="0" failed="0" ignored="0" total="1" passed="1">
  <reporter-output>
  </reporter-output>
  <suite name="Default suite" duration-ms="7288" started-at="2021-01-08T15:53:27 IST" finished-at="2021-01-08T15:53:35 IST">
    <groups>
    </groups>
    <test name="Default test" duration-ms="7288" started-at="2021-01-08T15:53:27 IST" finished-at="2021-01-08T15:53:35 IST">
      <class name="hemu14260.ExtentReports.ExtentReportDemoTest">
        <test-method status="PASS" signature="configuration()[pri:0, instance:hemu14260.ExtentReports.ExtentReportDemoTest@56aac163]" name="configuration" is-config="true" duration-ms="121" started-at="2021-01-08T15:53:27 IST" finished-at="2021-01-08T15:53:27 IST">
          <reporter-output>
          </reporter-output>
        </test-method> <!-- configuration -->
        <test-method status="PASS" signature="initialisation()[pri:0, instance:hemu14260.ExtentReports.ExtentReportDemoTest@56aac163]" name="initialisation" duration-ms="7125" started-at="2021-01-08T15:53:27 IST" finished-at="2021-01-08T15:53:35 IST">
          <reporter-output>
          </reporter-output>
        </test-method> <!-- initialisation -->
      </class> <!-- hemu14260.ExtentReports.ExtentReportDemoTest -->
    </test> <!-- Default test -->
  </suite> <!-- Default suite -->
</testng-results>
