<?xml version="1.0" encoding="UTF-8"?>
<!-- Generated by org.testng.reporters.JUnitXMLReporter -->
<testsuite hostname="LAPTOP-C8Q2NROR" ignored="1" name="Car Loan" tests="2" failures="0" timestamp="2021-01-06T11:30:20 IST" time="0.058" errors="0">
  <testcase name="LoginAPICarLoan" time="0.0" classname="run.Login"/>
  <testcase name="WebLoginCarLoan" time="0.0" classname="run.Login"/>
  <testcase name="MobileLoginCarLoan" time="0.0" classname="run.Login">
    <ignored/>
  </testcase> <!-- MobileLoginCarLoan -->
</testsuite> <!-- Car Loan -->
