<?xml version="1.0" encoding="UTF-8"?>
<!-- Generated by org.testng.reporters.JUnitXMLReporter -->
<testsuite hostname="LAPTOP-C8Q2NROR" ignored="6" tests="0" failures="0" timestamp="2021-01-06T11:30:20 IST" time="0.0" errors="0">
  <testcase name="prereq" time="0.0" classname="run.Login1">
    <ignored/>
  </testcase> <!-- prereq -->
  <testcase name="mobileSignoutHomeLoan" time="0.0" classname="run.Login1">
    <ignored/>
  </testcase> <!-- mobileSignoutHomeLoan -->
  <testcase name="loginAPIHomeLoan" time="0.0" classname="run.Login1">
    <ignored/>
  </testcase> <!-- loginAPIHomeLoan -->
  <testcase name="mobileLoginHomeLoan" time="0.0" classname="run.Login1">
    <ignored/>
  </testcase> <!-- mobileLoginHomeLoan -->
  <testcase name="webLoginHomeLoan" time="0.0" classname="run.Login1">
    <ignored/>
  </testcase> <!-- webLoginHomeLoan -->
  <testcase name="afterClass" time="0.0" classname="run.Login1">
    <ignored/>
  </testcase> <!-- afterClass -->
</testsuite>
