<?xml version="1.0" encoding="UTF-8"?>
<!-- Generated by org.testng.reporters.JUnitXMLReporter -->
<testsuite hostname="LAPTOP-C8Q2NROR" ignored="0" name="Personal Loan" tests="11" failures="0" timestamp="2021-01-05T14:27:46 IST" time="0.132" errors="0">
  <testcase name="score" time="0.016" classname="run.Create"/>
  <testcase name="score1" time="0.002" classname="run.Create"/>
  <testcase name="LoginAPICarLoan" time="0.002" classname="run.Login"/>
  <testcase name="MobileLoginCarLoan" time="0.002" classname="run.Login"/>
  <testcase name="WebLoginCarLoan" time="0.001" classname="run.Login"/>
  <testcase name="loginAPIHomeLoan" time="0.001" classname="run.Login1"/>
  <testcase name="mobileLoginHomeLoan" time="0.002" classname="run.Login1"/>
  <testcase name="mobileSignoutHomeLoan" time="0.002" classname="run.Login1"/>
  <testcase name="prereq" time="0.001" classname="run.Login1"/>
  <testcase name="webLoginHomeLoan" time="0.001" classname="run.Login1"/>
  <testcase name="Ppost" time="0.001" classname="run.Plan"/>
</testsuite> <!-- Personal Loan -->
