<?xml version="1.0" encoding="UTF-8"?>
<testsuite xmlns:xsi="http://www.w3.org/2001/XMLSchema-instance" xsi:noNamespaceSchemaLocation="https://maven.apache.org/surefire/maven-surefire-plugin/xsd/surefire-test-report-3.0.xsd" version="3.0" name="Selenium.Maven_Java.DemoTest" time="0.813" tests="2" errors="0" skipped="0" failures="0">
  <properties>
[...]
</properties>
  <testcase name="analyse1" classname="Selenium.Maven_Java.DemoTest" time="0.016">
    <system-out><![CDATA[analyse the Data available
]]></system-out>
  </testcase>
  <testcase name="analyseTest" classname="Selenium.Maven_Java.DemoTest" time="0">
    <system-out><![CDATA[Analyse the data
]]></system-out>
  </testcase>
</testsuite>